mode: set
github.com/ai8future/pricing_db/cmd/pricing-cli/main.go:31.13,39.22 6 0
github.com/ai8future/pricing_db/cmd/pricing-cli/main.go:39.22,49.3 9 0
github.com/ai8future/pricing_db/cmd/pricing-cli/main.go:51.2,54.18 2 0
github.com/ai8future/pricing_db/cmd/pricing-cli/main.go:54.18,57.3 2 0
github.com/ai8future/pricing_db/cmd/pricing-cli/main.go:60.2,63.21 3 0
github.com/ai8future/pricing_db/cmd/pricing-cli/main.go:63.21,65.17 2 0
github.com/ai8future/pricing_db/cmd/pricing-cli/main.go:65.17,68.4 2 0
github.com/ai8future/pricing_db/cmd/pricing-cli/main.go:69.8,72.45 2 0
github.com/ai8future/pricing_db/cmd/pricing-cli/main.go:72.45,75.4 2 0
github.com/ai8future/pricing_db/cmd/pricing-cli/main.go:76.3,77.17 2 0
github.com/ai8future/pricing_db/cmd/pricing-cli/main.go:77.17,80.4 2 0
github.com/ai8future/pricing_db/cmd/pricing-cli/main.go:83.2,83.21 1 0
github.com/ai8future/pricing_db/cmd/pricing-cli/main.go:83.21,87.3 3 0
github.com/ai8future/pricing_db/cmd/pricing-cli/main.go:90.2,91.16 2 0
github.com/ai8future/pricing_db/cmd/pricing-cli/main.go:91.16,93.3 1 0
github.com/ai8future/pricing_db/cmd/pricing-cli/main.go:95.2,97.22 2 0
github.com/ai8future/pricing_db/cmd/pricing-cli/main.go:97.22,100.54 2 0
github.com/ai8future/pricing_db/cmd/pricing-cli/main.go:100.54,103.4 2 0
github.com/ai8future/pricing_db/cmd/pricing-cli/main.go:104.3,104.85 1 0
github.com/ai8future/pricing_db/cmd/pricing-cli/main.go:105.8,107.17 2 0
github.com/ai8future/pricing_db/cmd/pricing-cli/main.go:107.17,110.4 2 0
github.com/ai8future/pricing_db/cmd/pricing-cli/main.go:114.2,114.16 1 0
github.com/ai8future/pricing_db/cmd/pricing-cli/main.go:114.16,116.3 1 0
github.com/ai8future/pricing_db/cmd/pricing-cli/main.go:116.8,118.3 1 0
github.com/ai8future/pricing_db/cmd/pricing-cli/main.go:121.39,137.28 2 0
github.com/ai8future/pricing_db/cmd/pricing-cli/main.go:137.28,139.3 1 0
github.com/ai8future/pricing_db/cmd/pricing-cli/main.go:141.2,143.20 3 0
github.com/ai8future/pricing_db/cmd/pricing-cli/main.go:146.40,150.15 3 0
github.com/ai8future/pricing_db/cmd/pricing-cli/main.go:150.15,153.3 2 0
github.com/ai8future/pricing_db/cmd/pricing-cli/main.go:155.2,156.16 2 0
github.com/ai8future/pricing_db/cmd/pricing-cli/main.go:156.16,158.3 1 0
github.com/ai8future/pricing_db/cmd/pricing-cli/main.go:159.2,161.17 2 0
github.com/ai8future/pricing_db/cmd/pricing-cli/main.go:161.17,163.3 1 0
github.com/ai8future/pricing_db/cmd/pricing-cli/main.go:165.2,175.25 9 0
github.com/ai8future/pricing_db/cmd/pricing-cli/main.go:175.25,178.3 2 0
github.com/ai8future/pricing_db/cmd/pricing-cli/main.go:180.2,183.25 3 0
github.com/ai8future/pricing_db/cmd/pricing-cli/main.go:183.25,186.32 3 0
github.com/ai8future/pricing_db/cmd/pricing-cli/main.go:186.32,188.4 1 0
github.com/ai8future/pricing_db/embed.go:22.31,24.2 1 1
github.com/ai8future/pricing_db/helpers.go:17.26,18.21 1 1
github.com/ai8future/pricing_db/helpers.go:18.21,20.21 2 1
github.com/ai8future/pricing_db/helpers.go:20.21,33.4 1 0
github.com/ai8future/pricing_db/helpers.go:40.73,44.2 3 1
github.com/ai8future/pricing_db/helpers.go:49.67,52.2 2 1
github.com/ai8future/pricing_db/helpers.go:57.59,60.2 2 1
github.com/ai8future/pricing_db/helpers.go:65.71,68.2 2 0
github.com/ai8future/pricing_db/helpers.go:72.62,75.2 2 0
github.com/ai8future/pricing_db/helpers.go:79.52,82.2 2 1
github.com/ai8future/pricing_db/helpers.go:86.31,89.2 2 1
github.com/ai8future/pricing_db/helpers.go:93.23,96.2 2 1
github.com/ai8future/pricing_db/helpers.go:100.26,103.2 2 1
github.com/ai8future/pricing_db/helpers.go:107.30,110.2 2 1
github.com/ai8future/pricing_db/helpers.go:115.24,118.2 2 1
github.com/ai8future/pricing_db/helpers.go:123.17,125.20 2 0
github.com/ai8future/pricing_db/helpers.go:125.20,126.71 1 0
github.com/ai8future/pricing_db/helpers.go:133.104,136.2 2 1
github.com/ai8future/pricing_db/helpers.go:141.139,144.2 2 1
github.com/ai8future/pricing_db/helpers.go:148.128,151.2 2 1
github.com/ai8future/pricing_db/helpers.go:156.98,159.2 2 1
github.com/ai8future/pricing_db/helpers.go:170.64,172.2 1 1
github.com/ai8future/pricing_db/helpers.go:179.99,181.56 2 1
github.com/ai8future/pricing_db/helpers.go:181.56,183.3 1 1
github.com/ai8future/pricing_db/helpers.go:184.2,184.53 1 1
github.com/ai8future/pricing_db/helpers.go:190.91,192.2 1 1
github.com/ai8future/pricing_db/helpers.go:197.122,202.44 3 1
github.com/ai8future/pricing_db/helpers.go:202.44,203.41 1 1
github.com/ai8future/pricing_db/helpers.go:203.41,204.71 1 1
github.com/ai8future/pricing_db/helpers.go:204.71,205.20 1 1
github.com/ai8future/pricing_db/helpers.go:205.20,207.6 1 1
github.com/ai8future/pricing_db/helpers.go:213.2,214.25 2 1
github.com/ai8future/pricing_db/helpers.go:214.25,216.3 1 1
github.com/ai8future/pricing_db/helpers.go:218.2,218.94 1 1
github.com/ai8future/pricing_db/pricing.go:30.45,31.34 1 1
github.com/ai8future/pricing_db/pricing.go:31.34,33.3 1 1
github.com/ai8future/pricing_db/pricing.go:34.2,34.34 1 1
github.com/ai8future/pricing_db/pricing.go:34.34,36.3 1 1
github.com/ai8future/pricing_db/pricing.go:37.2,37.21 1 1
github.com/ai8future/pricing_db/pricing.go:42.61,45.2 2 1
github.com/ai8future/pricing_db/pricing.go:63.35,65.2 1 1
github.com/ai8future/pricing_db/pricing.go:69.63,77.16 7 1
github.com/ai8future/pricing_db/pricing.go:77.16,79.3 1 1
github.com/ai8future/pricing_db/pricing.go:83.2,83.42 1 1
github.com/ai8future/pricing_db/pricing.go:83.42,85.3 1 1
github.com/ai8future/pricing_db/pricing.go:87.2,87.32 1 1
github.com/ai8future/pricing_db/pricing.go:87.32,88.73 1 1
github.com/ai8future/pricing_db/pricing.go:88.73,89.12 1 1
github.com/ai8future/pricing_db/pricing.go:92.3,94.17 3 1
github.com/ai8future/pricing_db/pricing.go:94.17,96.4 1 0
github.com/ai8future/pricing_db/pricing.go:98.3,99.53 2 1
github.com/ai8future/pricing_db/pricing.go:99.53,101.4 1 1
github.com/ai8future/pricing_db/pricing.go:104.3,105.25 2 1
github.com/ai8future/pricing_db/pricing.go:105.25,107.4 1 1
github.com/ai8future/pricing_db/pricing.go:109.3,122.43 2 1
github.com/ai8future/pricing_db/pricing.go:122.43,123.77 1 1
github.com/ai8future/pricing_db/pricing.go:123.77,125.5 1 1
github.com/ai8future/pricing_db/pricing.go:127.4,127.30 1 1
github.com/ai8future/pricing_db/pricing.go:127.30,128.51 1 0
github.com/ai8future/pricing_db/pricing.go:128.51,130.6 1 0
github.com/ai8future/pricing_db/pricing.go:133.4,133.43 1 1
github.com/ai8future/pricing_db/pricing.go:133.43,135.5 1 1
github.com/ai8future/pricing_db/pricing.go:137.4,137.44 1 1
github.com/ai8future/pricing_db/pricing.go:142.3,142.47 1 1
github.com/ai8future/pricing_db/pricing.go:142.47,143.82 1 1
github.com/ai8future/pricing_db/pricing.go:143.82,145.5 1 1
github.com/ai8future/pricing_db/pricing.go:147.4,147.47 1 1
github.com/ai8future/pricing_db/pricing.go:147.47,149.5 1 1
github.com/ai8future/pricing_db/pricing.go:153.3,153.32 1 1
github.com/ai8future/pricing_db/pricing.go:153.32,154.82 1 1
github.com/ai8future/pricing_db/pricing.go:154.82,156.5 1 1
github.com/ai8future/pricing_db/pricing.go:157.4,157.46 1 1
github.com/ai8future/pricing_db/pricing.go:162.3,162.48 1 1
github.com/ai8future/pricing_db/pricing.go:162.48,163.77 1 1
github.com/ai8future/pricing_db/pricing.go:163.77,165.5 1 1
github.com/ai8future/pricing_db/pricing.go:167.4,167.48 1 1
github.com/ai8future/pricing_db/pricing.go:167.48,169.5 1 1
github.com/ai8future/pricing_db/pricing.go:171.4,171.49 1 1
github.com/ai8future/pricing_db/pricing.go:175.2,175.25 1 1
github.com/ai8future/pricing_db/pricing.go:175.25,177.3 1 1
github.com/ai8future/pricing_db/pricing.go:180.2,193.8 4 1
github.com/ai8future/pricing_db/pricing.go:200.80,205.21 3 1
github.com/ai8future/pricing_db/pricing.go:205.21,207.3 1 1
github.com/ai8future/pricing_db/pricing.go:208.2,208.22 1 1
github.com/ai8future/pricing_db/pricing.go:208.22,210.3 1 1
github.com/ai8future/pricing_db/pricing.go:212.2,213.9 2 1
github.com/ai8future/pricing_db/pricing.go:213.9,216.10 2 1
github.com/ai8future/pricing_db/pricing.go:216.10,218.4 1 1
github.com/ai8future/pricing_db/pricing.go:221.2,231.3 3 1
github.com/ai8future/pricing_db/pricing.go:237.73,238.47 1 1
github.com/ai8future/pricing_db/pricing.go:238.47,239.84 1 1
github.com/ai8future/pricing_db/pricing.go:239.84,241.4 1 1
github.com/ai8future/pricing_db/pricing.go:243.2,243.30 1 1
github.com/ai8future/pricing_db/pricing.go:250.75,251.21 1 1
github.com/ai8future/pricing_db/pricing.go:251.21,253.3 1 1
github.com/ai8future/pricing_db/pricing.go:255.2,259.41 3 1
github.com/ai8future/pricing_db/pricing.go:259.41,260.76 1 1
github.com/ai8future/pricing_db/pricing.go:260.76,263.4 2 1
github.com/ai8future/pricing_db/pricing.go:266.2,266.10 1 1
github.com/ai8future/pricing_db/pricing.go:272.67,277.9 4 1
github.com/ai8future/pricing_db/pricing.go:277.9,279.3 1 1
github.com/ai8future/pricing_db/pricing.go:281.2,284.20 3 1
github.com/ai8future/pricing_db/pricing.go:285.22,286.40 1 1
github.com/ai8future/pricing_db/pricing.go:287.23,288.41 1 1
github.com/ai8future/pricing_db/pricing.go:289.20,290.38 1 1
github.com/ai8future/pricing_db/pricing.go:291.10,292.14 1 1
github.com/ai8future/pricing_db/pricing.go:296.2,296.15 1 1
github.com/ai8future/pricing_db/pricing.go:296.15,298.3 1 1
github.com/ai8future/pricing_db/pricing.go:302.2,302.29 1 1
github.com/ai8future/pricing_db/pricing.go:302.29,304.3 1 1
github.com/ai8future/pricing_db/pricing.go:305.2,305.20 1 1
github.com/ai8future/pricing_db/pricing.go:312.79,318.9 4 1
github.com/ai8future/pricing_db/pricing.go:318.9,321.10 2 1
github.com/ai8future/pricing_db/pricing.go:321.10,323.4 1 1
github.com/ai8future/pricing_db/pricing.go:327.2,327.21 1 1
github.com/ai8future/pricing_db/pricing.go:327.21,329.3 1 1
github.com/ai8future/pricing_db/pricing.go:331.2,332.52 2 1
github.com/ai8future/pricing_db/pricing.go:337.83,338.52 1 1
github.com/ai8future/pricing_db/pricing.go:338.52,339.84 1 1
github.com/ai8future/pricing_db/pricing.go:339.84,341.4 1 0
github.com/ai8future/pricing_db/pricing.go:343.2,343.35 1 1
github.com/ai8future/pricing_db/pricing.go:347.74,352.8 4 1
github.com/ai8future/pricing_db/pricing.go:352.8,354.3 1 1
github.com/ai8future/pricing_db/pricing.go:355.2,355.42 1 1
github.com/ai8future/pricing_db/pricing.go:386.15,391.9 4 1
github.com/ai8future/pricing_db/pricing.go:391.9,393.10 2 1
github.com/ai8future/pricing_db/pricing.go:393.10,395.4 1 1
github.com/ai8future/pricing_db/pricing.go:398.2,403.16 4 1
github.com/ai8future/pricing_db/pricing.go:403.16,405.3 1 1
github.com/ai8future/pricing_db/pricing.go:408.2,409.44 2 1
github.com/ai8future/pricing_db/pricing.go:409.44,411.3 1 1
github.com/ai8future/pricing_db/pricing.go:414.2,431.26 9 1
github.com/ai8future/pricing_db/pricing.go:431.26,432.45 1 1
github.com/ai8future/pricing_db/pricing.go:432.45,435.4 1 1
github.com/ai8future/pricing_db/pricing.go:435.9,437.4 1 1
github.com/ai8future/pricing_db/pricing.go:441.2,446.27 3 1
github.com/ai8future/pricing_db/pricing.go:446.27,447.53 1 1
github.com/ai8future/pricing_db/pricing.go:447.53,451.4 2 1
github.com/ai8future/pricing_db/pricing.go:451.9,455.4 2 0
github.com/ai8future/pricing_db/pricing.go:458.2,471.3 2 1
github.com/ai8future/pricing_db/pricing.go:476.136,481.21 3 1
github.com/ai8future/pricing_db/pricing.go:481.21,483.3 1 1
github.com/ai8future/pricing_db/pricing.go:484.2,484.22 1 1
github.com/ai8future/pricing_db/pricing.go:484.22,486.3 1 1
github.com/ai8future/pricing_db/pricing.go:487.2,487.22 1 1
github.com/ai8future/pricing_db/pricing.go:487.22,489.3 1 1
github.com/ai8future/pricing_db/pricing.go:491.2,492.9 2 1
github.com/ai8future/pricing_db/pricing.go:492.9,494.10 2 1
github.com/ai8future/pricing_db/pricing.go:494.10,496.4 1 1
github.com/ai8future/pricing_db/pricing.go:499.2,504.39 4 1
github.com/ai8future/pricing_db/pricing.go:504.39,507.3 2 1
github.com/ai8future/pricing_db/pricing.go:510.2,526.27 9 1
github.com/ai8future/pricing_db/pricing.go:526.27,527.53 1 1
github.com/ai8future/pricing_db/pricing.go:527.53,530.4 2 1
github.com/ai8future/pricing_db/pricing.go:530.9,533.4 2 1
github.com/ai8future/pricing_db/pricing.go:536.2,547.3 2 1
github.com/ai8future/pricing_db/pricing.go:552.113,557.37 3 1
github.com/ai8future/pricing_db/pricing.go:557.37,558.47 1 1
github.com/ai8future/pricing_db/pricing.go:558.47,561.4 2 1
github.com/ai8future/pricing_db/pricing.go:564.2,564.30 1 1
github.com/ai8future/pricing_db/pricing.go:585.19,588.46 2 1
github.com/ai8future/pricing_db/pricing.go:588.46,590.3 1 1
github.com/ai8future/pricing_db/pricing.go:593.2,598.46 4 1
github.com/ai8future/pricing_db/pricing.go:598.46,600.3 1 1
github.com/ai8future/pricing_db/pricing.go:603.2,604.22 2 1
github.com/ai8future/pricing_db/pricing.go:604.22,605.53 1 1
github.com/ai8future/pricing_db/pricing.go:605.53,608.4 1 1
github.com/ai8future/pricing_db/pricing.go:608.9,611.4 1 1
github.com/ai8future/pricing_db/pricing.go:614.2,618.3 1 1
github.com/ai8future/pricing_db/pricing.go:623.72,624.29 1 1
github.com/ai8future/pricing_db/pricing.go:624.29,626.3 1 1
github.com/ai8future/pricing_db/pricing.go:627.2,628.37 2 1
github.com/ai8future/pricing_db/pricing.go:628.37,629.42 1 1
github.com/ai8future/pricing_db/pricing.go:629.42,631.38 1 1
github.com/ai8future/pricing_db/pricing.go:631.38,633.5 1 1
github.com/ai8future/pricing_db/pricing.go:633.10,638.5 2 1
github.com/ai8future/pricing_db/pricing.go:641.2,641.17 1 1
github.com/ai8future/pricing_db/pricing.go:645.81,646.21 1 1
github.com/ai8future/pricing_db/pricing.go:646.21,648.3 1 0
github.com/ai8future/pricing_db/pricing.go:650.2,650.41 1 1
github.com/ai8future/pricing_db/pricing.go:650.41,651.76 1 1
github.com/ai8future/pricing_db/pricing.go:651.76,654.4 2 1
github.com/ai8future/pricing_db/pricing.go:657.2,657.10 1 0
github.com/ai8future/pricing_db/pricing.go:661.64,666.8 4 1
github.com/ai8future/pricing_db/pricing.go:666.8,668.3 1 1
github.com/ai8future/pricing_db/pricing.go:669.2,669.37 1 1
github.com/ai8future/pricing_db/pricing.go:674.79,678.9 4 1
github.com/ai8future/pricing_db/pricing.go:678.9,680.3 1 1
github.com/ai8future/pricing_db/pricing.go:681.2,681.38 1 1
github.com/ai8future/pricing_db/pricing.go:685.43,689.32 4 1
github.com/ai8future/pricing_db/pricing.go:689.32,691.3 1 1
github.com/ai8future/pricing_db/pricing.go:692.2,693.14 2 1
github.com/ai8future/pricing_db/pricing.go:697.35,701.2 3 1
github.com/ai8future/pricing_db/pricing.go:704.38,708.2 3 1
github.com/ai8future/pricing_db/pricing.go:712.52,713.31 1 1
github.com/ai8future/pricing_db/pricing.go:713.31,715.3 1 1
github.com/ai8future/pricing_db/pricing.go:716.2,717.81 2 1
github.com/ai8future/pricing_db/pricing.go:723.61,725.19 2 1
github.com/ai8future/pricing_db/pricing.go:725.19,727.3 1 1
github.com/ai8future/pricing_db/pricing.go:728.2,728.39 1 1
github.com/ai8future/pricing_db/pricing.go:728.39,729.35 1 1
github.com/ai8future/pricing_db/pricing.go:729.35,731.4 1 1
github.com/ai8future/pricing_db/pricing.go:732.3,732.27 1 1
github.com/ai8future/pricing_db/pricing.go:734.2,734.13 1 1
github.com/ai8future/pricing_db/pricing.go:738.86,739.33 1 1
github.com/ai8future/pricing_db/pricing.go:739.33,741.3 1 1
github.com/ai8future/pricing_db/pricing.go:742.2,742.34 1 1
github.com/ai8future/pricing_db/pricing.go:742.34,744.3 1 1
github.com/ai8future/pricing_db/pricing.go:746.2,747.50 2 1
github.com/ai8future/pricing_db/pricing.go:747.50,749.3 1 1
github.com/ai8future/pricing_db/pricing.go:750.2,750.51 1 1
github.com/ai8future/pricing_db/pricing.go:750.51,752.3 1 0
github.com/ai8future/pricing_db/pricing.go:754.2,754.33 1 1
github.com/ai8future/pricing_db/pricing.go:754.33,756.3 1 0
github.com/ai8future/pricing_db/pricing.go:758.2,758.35 1 1
github.com/ai8future/pricing_db/pricing.go:758.35,760.3 1 1
github.com/ai8future/pricing_db/pricing.go:761.2,761.37 1 1
github.com/ai8future/pricing_db/pricing.go:761.37,763.3 1 0
github.com/ai8future/pricing_db/pricing.go:765.2,765.39 1 1
github.com/ai8future/pricing_db/pricing.go:765.39,767.3 1 1
github.com/ai8future/pricing_db/pricing.go:769.2,771.50 1 1
github.com/ai8future/pricing_db/pricing.go:771.50,773.3 1 1
github.com/ai8future/pricing_db/pricing.go:775.2,775.37 1 1
github.com/ai8future/pricing_db/pricing.go:775.37,776.31 1 1
github.com/ai8future/pricing_db/pricing.go:776.31,778.4 1 0
github.com/ai8future/pricing_db/pricing.go:779.3,779.31 1 1
github.com/ai8future/pricing_db/pricing.go:779.31,781.4 1 1
github.com/ai8future/pricing_db/pricing.go:782.3,782.32 1 1
github.com/ai8future/pricing_db/pricing.go:782.32,784.4 1 1
github.com/ai8future/pricing_db/pricing.go:785.3,785.94 1 1
github.com/ai8future/pricing_db/pricing.go:785.94,787.4 1 1
github.com/ai8future/pricing_db/pricing.go:789.2,789.12 1 1
github.com/ai8future/pricing_db/pricing.go:793.95,794.36 1 1
github.com/ai8future/pricing_db/pricing.go:794.36,796.3 1 1
github.com/ai8future/pricing_db/pricing.go:798.2,798.111 1 1
github.com/ai8future/pricing_db/pricing.go:798.111,800.3 1 1
github.com/ai8future/pricing_db/pricing.go:801.2,801.12 1 1
github.com/ai8future/pricing_db/pricing.go:805.75,806.36 1 1
github.com/ai8future/pricing_db/pricing.go:806.36,808.3 1 1
github.com/ai8future/pricing_db/pricing.go:809.2,809.41 1 1
github.com/ai8future/pricing_db/pricing.go:809.41,811.3 1 1
github.com/ai8future/pricing_db/pricing.go:812.2,812.42 1 1
github.com/ai8future/pricing_db/pricing.go:812.42,814.3 1 1
github.com/ai8future/pricing_db/pricing.go:815.2,815.39 1 1
github.com/ai8future/pricing_db/pricing.go:815.39,817.3 1 1
github.com/ai8future/pricing_db/pricing.go:818.2,818.12 1 1
github.com/ai8future/pricing_db/pricing.go:822.91,823.31 1 1
github.com/ai8future/pricing_db/pricing.go:823.31,825.3 1 1
github.com/ai8future/pricing_db/pricing.go:827.2,828.48 2 1
github.com/ai8future/pricing_db/pricing.go:828.48,830.3 1 1
github.com/ai8future/pricing_db/pricing.go:831.2,831.12 1 1
github.com/ai8future/pricing_db/pricing.go:836.62,839.22 2 1
github.com/ai8future/pricing_db/pricing.go:839.22,841.31 2 1
github.com/ai8future/pricing_db/pricing.go:841.31,844.24 2 1
github.com/ai8future/pricing_db/pricing.go:844.24,847.5 2 1
github.com/ai8future/pricing_db/pricing.go:848.4,848.29 1 1
github.com/ai8future/pricing_db/pricing.go:852.2,852.25 1 1
github.com/ai8future/pricing_db/pricing.go:852.25,854.34 2 1
github.com/ai8future/pricing_db/pricing.go:854.34,856.4 1 1
github.com/ai8future/pricing_db/pricing.go:859.2,859.27 1 1
github.com/ai8future/pricing_db/pricing.go:859.27,861.36 2 1
github.com/ai8future/pricing_db/pricing.go:861.36,863.4 1 1
github.com/ai8future/pricing_db/pricing.go:866.2,866.33 1 1
github.com/ai8future/pricing_db/pricing.go:866.33,868.42 2 1
github.com/ai8future/pricing_db/pricing.go:868.42,870.4 1 1
github.com/ai8future/pricing_db/pricing.go:873.2,873.29 1 1
github.com/ai8future/pricing_db/pricing.go:873.29,876.3 2 1
github.com/ai8future/pricing_db/pricing.go:878.2,878.37 1 1
github.com/ai8future/pricing_db/pricing.go:878.37,880.3 1 1
github.com/ai8future/pricing_db/pricing.go:882.2,882.32 1 1
github.com/ai8future/pricing_db/pricing.go:882.32,884.3 1 1
github.com/ai8future/pricing_db/pricing.go:886.2,886.15 1 1
github.com/ai8future/pricing_db/types.go:164.31,165.15 1 1
github.com/ai8future/pricing_db/types.go:165.15,167.3 1 1
github.com/ai8future/pricing_db/types.go:168.2,169.73 1 1
