mode: set
github.com/ai8future/pricing_db/helpers.go:13.26,14.21 1 1
github.com/ai8future/pricing_db/helpers.go:14.21,16.21 2 1
github.com/ai8future/pricing_db/helpers.go:16.21,27.4 1 0
github.com/ai8future/pricing_db/helpers.go:34.73,38.2 3 1
github.com/ai8future/pricing_db/helpers.go:43.67,46.2 2 1
github.com/ai8future/pricing_db/helpers.go:51.59,54.2 2 1
github.com/ai8future/pricing_db/helpers.go:58.52,61.2 2 1
github.com/ai8future/pricing_db/helpers.go:65.31,68.2 2 1
github.com/ai8future/pricing_db/helpers.go:72.23,75.2 2 1
github.com/ai8future/pricing_db/helpers.go:79.26,82.2 2 1
github.com/ai8future/pricing_db/helpers.go:86.30,89.2 2 1
github.com/ai8future/pricing_db/helpers.go:94.24,97.2 2 1
github.com/ai8future/pricing_db/helpers.go:102.104,105.2 2 1
github.com/ai8future/pricing_db/helpers.go:110.139,113.2 2 1
github.com/ai8future/pricing_db/helpers.go:117.128,120.2 2 1
github.com/ai8future/pricing_db/helpers.go:125.98,128.2 2 1
github.com/ai8future/pricing_db/pricing.go:27.35,29.2 1 1
github.com/ai8future/pricing_db/pricing.go:33.63,40.16 6 1
github.com/ai8future/pricing_db/pricing.go:40.16,42.3 1 1
github.com/ai8future/pricing_db/pricing.go:46.2,46.42 1 1
github.com/ai8future/pricing_db/pricing.go:46.42,48.3 1 1
github.com/ai8future/pricing_db/pricing.go:50.2,50.32 1 1
github.com/ai8future/pricing_db/pricing.go:50.32,51.73 1 1
github.com/ai8future/pricing_db/pricing.go:51.73,52.12 1 1
github.com/ai8future/pricing_db/pricing.go:55.3,57.17 3 1
github.com/ai8future/pricing_db/pricing.go:57.17,59.4 1 0
github.com/ai8future/pricing_db/pricing.go:61.3,62.53 2 1
github.com/ai8future/pricing_db/pricing.go:62.53,64.4 1 1
github.com/ai8future/pricing_db/pricing.go:67.3,68.25 2 1
github.com/ai8future/pricing_db/pricing.go:68.25,70.4 1 1
github.com/ai8future/pricing_db/pricing.go:72.3,83.43 2 1
github.com/ai8future/pricing_db/pricing.go:83.43,84.77 1 1
github.com/ai8future/pricing_db/pricing.go:84.77,86.5 1 1
github.com/ai8future/pricing_db/pricing.go:87.4,89.44 2 1
github.com/ai8future/pricing_db/pricing.go:93.3,93.47 1 1
github.com/ai8future/pricing_db/pricing.go:93.47,94.82 1 1
github.com/ai8future/pricing_db/pricing.go:94.82,96.5 1 1
github.com/ai8future/pricing_db/pricing.go:97.4,97.31 1 1
github.com/ai8future/pricing_db/pricing.go:101.3,101.32 1 1
github.com/ai8future/pricing_db/pricing.go:101.32,102.82 1 1
github.com/ai8future/pricing_db/pricing.go:102.82,104.5 1 0
github.com/ai8future/pricing_db/pricing.go:105.4,105.46 1 1
github.com/ai8future/pricing_db/pricing.go:109.2,109.25 1 1
github.com/ai8future/pricing_db/pricing.go:109.25,111.3 1 1
github.com/ai8future/pricing_db/pricing.go:114.2,124.8 3 1
github.com/ai8future/pricing_db/pricing.go:131.80,136.9 4 1
github.com/ai8future/pricing_db/pricing.go:136.9,139.10 2 1
github.com/ai8future/pricing_db/pricing.go:139.10,141.4 1 1
github.com/ai8future/pricing_db/pricing.go:144.2,154.3 3 1
github.com/ai8future/pricing_db/pricing.go:160.73,161.47 1 1
github.com/ai8future/pricing_db/pricing.go:161.47,162.84 1 1
github.com/ai8future/pricing_db/pricing.go:162.84,164.4 1 1
github.com/ai8future/pricing_db/pricing.go:166.2,166.30 1 1
github.com/ai8future/pricing_db/pricing.go:173.75,174.21 1 1
github.com/ai8future/pricing_db/pricing.go:174.21,176.3 1 1
github.com/ai8future/pricing_db/pricing.go:178.2,182.41 3 1
github.com/ai8future/pricing_db/pricing.go:182.41,183.76 1 1
github.com/ai8future/pricing_db/pricing.go:183.76,186.4 2 1
github.com/ai8future/pricing_db/pricing.go:189.2,189.10 1 1
github.com/ai8future/pricing_db/pricing.go:195.67,200.9 4 1
github.com/ai8future/pricing_db/pricing.go:200.9,202.3 1 1
github.com/ai8future/pricing_db/pricing.go:204.2,207.20 3 1
github.com/ai8future/pricing_db/pricing.go:208.22,209.40 1 1
github.com/ai8future/pricing_db/pricing.go:210.23,211.41 1 1
github.com/ai8future/pricing_db/pricing.go:212.20,213.38 1 1
github.com/ai8future/pricing_db/pricing.go:214.10,215.14 1 1
github.com/ai8future/pricing_db/pricing.go:219.2,219.15 1 1
github.com/ai8future/pricing_db/pricing.go:219.15,221.3 1 1
github.com/ai8future/pricing_db/pricing.go:225.2,225.29 1 1
github.com/ai8future/pricing_db/pricing.go:225.29,227.3 1 1
github.com/ai8future/pricing_db/pricing.go:228.2,228.20 1 1
github.com/ai8future/pricing_db/pricing.go:250.15,255.9 4 1
github.com/ai8future/pricing_db/pricing.go:255.9,257.10 2 1
github.com/ai8future/pricing_db/pricing.go:257.10,259.4 1 1
github.com/ai8future/pricing_db/pricing.go:262.2,270.44 5 1
github.com/ai8future/pricing_db/pricing.go:270.44,272.3 1 1
github.com/ai8future/pricing_db/pricing.go:275.2,279.46 3 1
github.com/ai8future/pricing_db/pricing.go:279.46,281.3 1 1
github.com/ai8future/pricing_db/pricing.go:284.2,292.53 4 1
github.com/ai8future/pricing_db/pricing.go:292.53,294.3 1 0
github.com/ai8future/pricing_db/pricing.go:296.2,297.29 2 1
github.com/ai8future/pricing_db/pricing.go:297.29,298.53 1 1
github.com/ai8future/pricing_db/pricing.go:298.53,301.4 1 1
github.com/ai8future/pricing_db/pricing.go:301.9,304.4 1 0
github.com/ai8future/pricing_db/pricing.go:308.2,316.26 4 1
github.com/ai8future/pricing_db/pricing.go:316.26,317.45 1 1
github.com/ai8future/pricing_db/pricing.go:317.45,320.4 1 1
github.com/ai8future/pricing_db/pricing.go:320.9,322.4 1 1
github.com/ai8future/pricing_db/pricing.go:326.2,327.28 2 1
github.com/ai8future/pricing_db/pricing.go:327.28,328.38 1 1
github.com/ai8future/pricing_db/pricing.go:328.38,329.48 1 1
github.com/ai8future/pricing_db/pricing.go:329.48,331.5 1 1
github.com/ai8future/pricing_db/pricing.go:337.2,338.27 2 1
github.com/ai8future/pricing_db/pricing.go:338.27,339.53 1 1
github.com/ai8future/pricing_db/pricing.go:339.53,343.4 2 1
github.com/ai8future/pricing_db/pricing.go:343.9,347.4 2 0
github.com/ai8future/pricing_db/pricing.go:350.2,363.3 2 1
github.com/ai8future/pricing_db/pricing.go:368.136,373.9 4 1
github.com/ai8future/pricing_db/pricing.go:373.9,375.10 2 0
github.com/ai8future/pricing_db/pricing.go:375.10,377.4 1 0
github.com/ai8future/pricing_db/pricing.go:380.2,384.39 3 1
github.com/ai8future/pricing_db/pricing.go:384.39,386.3 1 1
github.com/ai8future/pricing_db/pricing.go:389.2,393.46 3 1
github.com/ai8future/pricing_db/pricing.go:393.46,395.3 1 1
github.com/ai8future/pricing_db/pricing.go:398.2,403.53 4 1
github.com/ai8future/pricing_db/pricing.go:403.53,405.3 1 1
github.com/ai8future/pricing_db/pricing.go:407.2,408.29 2 1
github.com/ai8future/pricing_db/pricing.go:408.29,409.53 1 1
github.com/ai8future/pricing_db/pricing.go:409.53,412.4 1 1
github.com/ai8future/pricing_db/pricing.go:412.9,415.4 1 1
github.com/ai8future/pricing_db/pricing.go:419.2,423.28 3 1
github.com/ai8future/pricing_db/pricing.go:423.28,424.38 1 0
github.com/ai8future/pricing_db/pricing.go:424.38,425.43 1 0
github.com/ai8future/pricing_db/pricing.go:425.43,427.5 1 0
github.com/ai8future/pricing_db/pricing.go:432.2,433.27 2 1
github.com/ai8future/pricing_db/pricing.go:433.27,434.53 1 1
github.com/ai8future/pricing_db/pricing.go:434.53,437.4 2 1
github.com/ai8future/pricing_db/pricing.go:437.9,440.4 2 1
github.com/ai8future/pricing_db/pricing.go:443.2,453.3 2 1
github.com/ai8future/pricing_db/pricing.go:458.113,463.37 3 1
github.com/ai8future/pricing_db/pricing.go:463.37,464.47 1 1
github.com/ai8future/pricing_db/pricing.go:464.47,467.4 2 1
github.com/ai8future/pricing_db/pricing.go:470.2,470.30 1 1
github.com/ai8future/pricing_db/pricing.go:474.81,475.21 1 1
github.com/ai8future/pricing_db/pricing.go:475.21,477.3 1 0
github.com/ai8future/pricing_db/pricing.go:479.2,479.41 1 1
github.com/ai8future/pricing_db/pricing.go:479.41,480.76 1 1
github.com/ai8future/pricing_db/pricing.go:480.76,483.4 2 1
github.com/ai8future/pricing_db/pricing.go:486.2,486.10 1 0
github.com/ai8future/pricing_db/pricing.go:490.64,495.8 4 1
github.com/ai8future/pricing_db/pricing.go:495.8,497.3 1 1
github.com/ai8future/pricing_db/pricing.go:498.2,498.37 1 1
github.com/ai8future/pricing_db/pricing.go:503.79,507.9 4 1
github.com/ai8future/pricing_db/pricing.go:507.9,509.3 1 1
github.com/ai8future/pricing_db/pricing.go:510.2,510.38 1 1
github.com/ai8future/pricing_db/pricing.go:514.43,518.32 4 1
github.com/ai8future/pricing_db/pricing.go:518.32,520.3 1 1
github.com/ai8future/pricing_db/pricing.go:521.2,522.14 2 1
github.com/ai8future/pricing_db/pricing.go:526.35,530.2 3 1
github.com/ai8future/pricing_db/pricing.go:533.38,537.2 3 1
github.com/ai8future/pricing_db/pricing.go:541.52,542.31 1 1
github.com/ai8future/pricing_db/pricing.go:542.31,544.3 1 0
github.com/ai8future/pricing_db/pricing.go:545.2,546.81 2 1
github.com/ai8future/pricing_db/pricing.go:552.61,554.19 2 1
github.com/ai8future/pricing_db/pricing.go:554.19,556.3 1 1
github.com/ai8future/pricing_db/pricing.go:557.2,557.39 1 1
github.com/ai8future/pricing_db/pricing.go:557.39,558.35 1 1
github.com/ai8future/pricing_db/pricing.go:558.35,560.4 1 1
github.com/ai8future/pricing_db/pricing.go:561.3,561.27 1 1
github.com/ai8future/pricing_db/pricing.go:563.2,563.13 1 1
github.com/ai8future/pricing_db/pricing.go:567.86,568.33 1 1
github.com/ai8future/pricing_db/pricing.go:568.33,570.3 1 1
github.com/ai8future/pricing_db/pricing.go:571.2,571.34 1 1
github.com/ai8future/pricing_db/pricing.go:571.34,573.3 1 0
github.com/ai8future/pricing_db/pricing.go:575.2,576.50 2 1
github.com/ai8future/pricing_db/pricing.go:576.50,578.3 1 1
github.com/ai8future/pricing_db/pricing.go:579.2,579.51 1 1
github.com/ai8future/pricing_db/pricing.go:579.51,581.3 1 0
github.com/ai8future/pricing_db/pricing.go:582.2,582.12 1 1
github.com/ai8future/pricing_db/pricing.go:586.95,587.36 1 1
github.com/ai8future/pricing_db/pricing.go:587.36,589.3 1 0
github.com/ai8future/pricing_db/pricing.go:591.2,591.111 1 1
github.com/ai8future/pricing_db/pricing.go:591.111,593.3 1 1
github.com/ai8future/pricing_db/pricing.go:594.2,594.12 1 1
github.com/ai8future/pricing_db/pricing.go:598.75,599.36 1 1
github.com/ai8future/pricing_db/pricing.go:599.36,601.3 1 0
github.com/ai8future/pricing_db/pricing.go:602.2,602.41 1 1
github.com/ai8future/pricing_db/pricing.go:602.41,604.3 1 0
github.com/ai8future/pricing_db/pricing.go:605.2,605.42 1 1
github.com/ai8future/pricing_db/pricing.go:605.42,607.3 1 0
github.com/ai8future/pricing_db/pricing.go:608.2,608.39 1 1
github.com/ai8future/pricing_db/pricing.go:608.39,610.3 1 0
github.com/ai8future/pricing_db/pricing.go:611.2,611.12 1 1
github.com/ai8future/pricing_db/pricing.go:616.62,619.22 2 1
github.com/ai8future/pricing_db/pricing.go:619.22,621.31 2 1
github.com/ai8future/pricing_db/pricing.go:621.31,623.4 1 1
github.com/ai8future/pricing_db/pricing.go:626.2,626.25 1 1
github.com/ai8future/pricing_db/pricing.go:626.25,628.34 2 1
github.com/ai8future/pricing_db/pricing.go:628.34,630.4 1 1
github.com/ai8future/pricing_db/pricing.go:633.2,633.33 1 1
github.com/ai8future/pricing_db/pricing.go:633.33,635.42 2 0
github.com/ai8future/pricing_db/pricing.go:635.42,637.4 1 0
github.com/ai8future/pricing_db/pricing.go:640.2,640.29 1 1
github.com/ai8future/pricing_db/pricing.go:640.29,643.3 2 0
github.com/ai8future/pricing_db/pricing.go:645.2,645.37 1 1
github.com/ai8future/pricing_db/pricing.go:645.37,647.3 1 1
github.com/ai8future/pricing_db/pricing.go:649.2,649.32 1 1
github.com/ai8future/pricing_db/pricing.go:649.32,651.3 1 1
github.com/ai8future/pricing_db/pricing.go:653.2,653.15 1 1
github.com/ai8future/pricing_db/types.go:118.31,119.15 1 1
github.com/ai8future/pricing_db/types.go:119.15,121.3 1 1
github.com/ai8future/pricing_db/types.go:122.2,123.73 1 1
