mode: set
github.com/ai8future/pricing_db/helpers.go:13.26,14.21 1 1
github.com/ai8future/pricing_db/helpers.go:14.21,16.21 2 1
github.com/ai8future/pricing_db/helpers.go:16.21,24.4 1 0
github.com/ai8future/pricing_db/helpers.go:31.73,35.2 3 1
github.com/ai8future/pricing_db/helpers.go:40.67,43.2 2 1
github.com/ai8future/pricing_db/helpers.go:48.59,51.2 2 1
github.com/ai8future/pricing_db/helpers.go:55.52,58.2 2 0
github.com/ai8future/pricing_db/helpers.go:62.31,65.2 2 1
github.com/ai8future/pricing_db/helpers.go:69.23,72.2 2 1
github.com/ai8future/pricing_db/helpers.go:76.26,79.2 2 1
github.com/ai8future/pricing_db/helpers.go:83.30,86.2 2 0
github.com/ai8future/pricing_db/helpers.go:91.24,94.2 2 0
github.com/ai8future/pricing_db/pricing.go:26.35,28.2 1 1
github.com/ai8future/pricing_db/pricing.go:32.63,39.16 6 1
github.com/ai8future/pricing_db/pricing.go:39.16,41.3 1 0
github.com/ai8future/pricing_db/pricing.go:43.2,43.32 1 1
github.com/ai8future/pricing_db/pricing.go:43.32,44.73 1 1
github.com/ai8future/pricing_db/pricing.go:44.73,45.12 1 0
github.com/ai8future/pricing_db/pricing.go:48.3,50.17 3 1
github.com/ai8future/pricing_db/pricing.go:50.17,52.4 1 0
github.com/ai8future/pricing_db/pricing.go:54.3,55.53 2 1
github.com/ai8future/pricing_db/pricing.go:55.53,57.4 1 0
github.com/ai8future/pricing_db/pricing.go:60.3,61.25 2 1
github.com/ai8future/pricing_db/pricing.go:61.25,63.4 1 0
github.com/ai8future/pricing_db/pricing.go:65.3,76.43 2 1
github.com/ai8future/pricing_db/pricing.go:76.43,77.77 1 1
github.com/ai8future/pricing_db/pricing.go:77.77,79.5 1 0
github.com/ai8future/pricing_db/pricing.go:80.4,82.44 2 1
github.com/ai8future/pricing_db/pricing.go:86.3,86.47 1 1
github.com/ai8future/pricing_db/pricing.go:86.47,88.4 1 1
github.com/ai8future/pricing_db/pricing.go:91.3,91.32 1 1
github.com/ai8future/pricing_db/pricing.go:91.32,93.4 1 1
github.com/ai8future/pricing_db/pricing.go:96.2,96.25 1 1
github.com/ai8future/pricing_db/pricing.go:96.25,98.3 1 0
github.com/ai8future/pricing_db/pricing.go:101.2,102.24 2 1
github.com/ai8future/pricing_db/pricing.go:102.24,104.3 1 1
github.com/ai8future/pricing_db/pricing.go:105.2,105.44 1 1
github.com/ai8future/pricing_db/pricing.go:105.44,107.3 1 1
github.com/ai8future/pricing_db/pricing.go:109.2,110.27 2 1
github.com/ai8future/pricing_db/pricing.go:110.27,112.3 1 1
github.com/ai8future/pricing_db/pricing.go:113.2,113.48 1 1
github.com/ai8future/pricing_db/pricing.go:113.48,115.3 1 1
github.com/ai8future/pricing_db/pricing.go:117.2,124.8 1 1
github.com/ai8future/pricing_db/pricing.go:128.80,133.9 4 1
github.com/ai8future/pricing_db/pricing.go:133.9,136.10 2 1
github.com/ai8future/pricing_db/pricing.go:136.10,138.4 1 1
github.com/ai8future/pricing_db/pricing.go:141.2,151.3 3 1
github.com/ai8future/pricing_db/pricing.go:157.73,158.47 1 1
github.com/ai8future/pricing_db/pricing.go:158.47,159.43 1 1
github.com/ai8future/pricing_db/pricing.go:159.43,161.4 1 1
github.com/ai8future/pricing_db/pricing.go:163.2,163.30 1 1
github.com/ai8future/pricing_db/pricing.go:170.75,171.21 1 1
github.com/ai8future/pricing_db/pricing.go:171.21,173.3 1 0
github.com/ai8future/pricing_db/pricing.go:175.2,179.41 3 1
github.com/ai8future/pricing_db/pricing.go:179.41,180.39 1 1
github.com/ai8future/pricing_db/pricing.go:180.39,183.4 2 1
github.com/ai8future/pricing_db/pricing.go:186.2,186.10 1 0
github.com/ai8future/pricing_db/pricing.go:191.67,196.9 4 1
github.com/ai8future/pricing_db/pricing.go:196.9,198.3 1 0
github.com/ai8future/pricing_db/pricing.go:200.2,202.20 2 1
github.com/ai8future/pricing_db/pricing.go:203.22,204.47 1 1
github.com/ai8future/pricing_db/pricing.go:205.23,206.48 1 1
github.com/ai8future/pricing_db/pricing.go:207.20,208.45 1 1
github.com/ai8future/pricing_db/pricing.go:209.10,210.14 1 1
github.com/ai8future/pricing_db/pricing.go:215.64,220.8 4 1
github.com/ai8future/pricing_db/pricing.go:220.8,222.3 1 1
github.com/ai8future/pricing_db/pricing.go:223.2,223.37 1 0
github.com/ai8future/pricing_db/pricing.go:227.79,232.2 4 1
github.com/ai8future/pricing_db/pricing.go:235.43,239.32 4 1
github.com/ai8future/pricing_db/pricing.go:239.32,241.3 1 1
github.com/ai8future/pricing_db/pricing.go:242.2,242.14 1 1
github.com/ai8future/pricing_db/pricing.go:246.35,250.2 3 1
github.com/ai8future/pricing_db/pricing.go:253.38,257.2 3 1
github.com/ai8future/pricing_db/pricing.go:260.86,261.33 1 1
github.com/ai8future/pricing_db/pricing.go:261.33,263.3 1 0
github.com/ai8future/pricing_db/pricing.go:264.2,264.34 1 1
github.com/ai8future/pricing_db/pricing.go:264.34,266.3 1 0
github.com/ai8future/pricing_db/pricing.go:268.2,269.50 2 1
github.com/ai8future/pricing_db/pricing.go:269.50,271.3 1 0
github.com/ai8future/pricing_db/pricing.go:272.2,272.51 1 1
github.com/ai8future/pricing_db/pricing.go:272.51,274.3 1 0
github.com/ai8future/pricing_db/pricing.go:275.2,275.12 1 1
github.com/ai8future/pricing_db/types.go:51.31,52.15 1 1
github.com/ai8future/pricing_db/types.go:52.15,54.3 1 1
github.com/ai8future/pricing_db/types.go:55.2,56.73 1 1
