mode: set
github.com/ai8future/pricing_db/embed.go:22.31,24.2 1 1
github.com/ai8future/pricing_db/helpers.go:17.26,18.21 1 1
github.com/ai8future/pricing_db/helpers.go:18.21,20.21 2 1
github.com/ai8future/pricing_db/helpers.go:20.21,31.4 1 0
github.com/ai8future/pricing_db/helpers.go:38.73,42.2 3 1
github.com/ai8future/pricing_db/helpers.go:47.67,50.2 2 1
github.com/ai8future/pricing_db/helpers.go:55.59,58.2 2 1
github.com/ai8future/pricing_db/helpers.go:62.52,65.2 2 1
github.com/ai8future/pricing_db/helpers.go:69.31,72.2 2 1
github.com/ai8future/pricing_db/helpers.go:76.23,79.2 2 1
github.com/ai8future/pricing_db/helpers.go:83.26,86.2 2 1
github.com/ai8future/pricing_db/helpers.go:90.30,93.2 2 1
github.com/ai8future/pricing_db/helpers.go:98.24,101.2 2 1
github.com/ai8future/pricing_db/helpers.go:106.17,108.20 2 0
github.com/ai8future/pricing_db/helpers.go:108.20,109.71 1 0
github.com/ai8future/pricing_db/helpers.go:116.104,119.2 2 1
github.com/ai8future/pricing_db/helpers.go:124.139,127.2 2 1
github.com/ai8future/pricing_db/helpers.go:131.128,134.2 2 1
github.com/ai8future/pricing_db/helpers.go:139.98,142.2 2 1
github.com/ai8future/pricing_db/helpers.go:153.64,155.2 1 1
github.com/ai8future/pricing_db/helpers.go:162.99,164.56 2 1
github.com/ai8future/pricing_db/helpers.go:164.56,166.3 1 1
github.com/ai8future/pricing_db/helpers.go:167.2,167.53 1 1
github.com/ai8future/pricing_db/helpers.go:173.91,175.2 1 1
github.com/ai8future/pricing_db/helpers.go:180.122,185.44 3 1
github.com/ai8future/pricing_db/helpers.go:185.44,186.41 1 1
github.com/ai8future/pricing_db/helpers.go:186.41,187.71 1 1
github.com/ai8future/pricing_db/helpers.go:187.71,188.20 1 1
github.com/ai8future/pricing_db/helpers.go:188.20,190.6 1 1
github.com/ai8future/pricing_db/helpers.go:196.2,197.25 2 1
github.com/ai8future/pricing_db/helpers.go:197.25,199.3 1 1
github.com/ai8future/pricing_db/helpers.go:201.2,201.94 1 1
github.com/ai8future/pricing_db/pricing.go:27.45,28.34 1 1
github.com/ai8future/pricing_db/pricing.go:28.34,30.3 1 1
github.com/ai8future/pricing_db/pricing.go:31.2,31.34 1 1
github.com/ai8future/pricing_db/pricing.go:31.34,33.3 1 1
github.com/ai8future/pricing_db/pricing.go:34.2,34.21 1 1
github.com/ai8future/pricing_db/pricing.go:39.61,42.2 2 1
github.com/ai8future/pricing_db/pricing.go:58.35,60.2 1 1
github.com/ai8future/pricing_db/pricing.go:64.63,71.16 6 1
github.com/ai8future/pricing_db/pricing.go:71.16,73.3 1 1
github.com/ai8future/pricing_db/pricing.go:77.2,77.42 1 1
github.com/ai8future/pricing_db/pricing.go:77.42,79.3 1 1
github.com/ai8future/pricing_db/pricing.go:81.2,81.32 1 1
github.com/ai8future/pricing_db/pricing.go:81.32,82.73 1 1
github.com/ai8future/pricing_db/pricing.go:82.73,83.12 1 1
github.com/ai8future/pricing_db/pricing.go:86.3,88.17 3 1
github.com/ai8future/pricing_db/pricing.go:88.17,90.4 1 0
github.com/ai8future/pricing_db/pricing.go:92.3,93.53 2 1
github.com/ai8future/pricing_db/pricing.go:93.53,95.4 1 1
github.com/ai8future/pricing_db/pricing.go:98.3,99.25 2 1
github.com/ai8future/pricing_db/pricing.go:99.25,101.4 1 1
github.com/ai8future/pricing_db/pricing.go:103.3,115.43 2 1
github.com/ai8future/pricing_db/pricing.go:115.43,116.77 1 1
github.com/ai8future/pricing_db/pricing.go:116.77,118.5 1 1
github.com/ai8future/pricing_db/pricing.go:120.4,120.30 1 1
github.com/ai8future/pricing_db/pricing.go:120.30,121.51 1 0
github.com/ai8future/pricing_db/pricing.go:121.51,123.6 1 0
github.com/ai8future/pricing_db/pricing.go:126.4,126.43 1 1
github.com/ai8future/pricing_db/pricing.go:126.43,128.5 1 1
github.com/ai8future/pricing_db/pricing.go:130.4,130.44 1 1
github.com/ai8future/pricing_db/pricing.go:135.3,135.47 1 1
github.com/ai8future/pricing_db/pricing.go:135.47,136.82 1 1
github.com/ai8future/pricing_db/pricing.go:136.82,138.5 1 1
github.com/ai8future/pricing_db/pricing.go:140.4,140.47 1 1
github.com/ai8future/pricing_db/pricing.go:140.47,142.5 1 1
github.com/ai8future/pricing_db/pricing.go:146.3,146.32 1 1
github.com/ai8future/pricing_db/pricing.go:146.32,147.82 1 1
github.com/ai8future/pricing_db/pricing.go:147.82,149.5 1 1
github.com/ai8future/pricing_db/pricing.go:150.4,150.46 1 1
github.com/ai8future/pricing_db/pricing.go:154.2,154.25 1 1
github.com/ai8future/pricing_db/pricing.go:154.25,156.3 1 1
github.com/ai8future/pricing_db/pricing.go:159.2,169.8 3 1
github.com/ai8future/pricing_db/pricing.go:176.80,181.9 4 1
github.com/ai8future/pricing_db/pricing.go:181.9,184.10 2 1
github.com/ai8future/pricing_db/pricing.go:184.10,186.4 1 1
github.com/ai8future/pricing_db/pricing.go:189.2,199.3 3 1
github.com/ai8future/pricing_db/pricing.go:205.73,206.47 1 1
github.com/ai8future/pricing_db/pricing.go:206.47,207.84 1 1
github.com/ai8future/pricing_db/pricing.go:207.84,209.4 1 1
github.com/ai8future/pricing_db/pricing.go:211.2,211.30 1 1
github.com/ai8future/pricing_db/pricing.go:218.75,219.21 1 1
github.com/ai8future/pricing_db/pricing.go:219.21,221.3 1 1
github.com/ai8future/pricing_db/pricing.go:223.2,227.41 3 1
github.com/ai8future/pricing_db/pricing.go:227.41,228.76 1 1
github.com/ai8future/pricing_db/pricing.go:228.76,231.4 2 1
github.com/ai8future/pricing_db/pricing.go:234.2,234.10 1 1
github.com/ai8future/pricing_db/pricing.go:240.67,245.9 4 1
github.com/ai8future/pricing_db/pricing.go:245.9,247.3 1 1
github.com/ai8future/pricing_db/pricing.go:249.2,252.20 3 1
github.com/ai8future/pricing_db/pricing.go:253.22,254.40 1 1
github.com/ai8future/pricing_db/pricing.go:255.23,256.41 1 1
github.com/ai8future/pricing_db/pricing.go:257.20,258.38 1 1
github.com/ai8future/pricing_db/pricing.go:259.10,260.14 1 1
github.com/ai8future/pricing_db/pricing.go:264.2,264.15 1 1
github.com/ai8future/pricing_db/pricing.go:264.15,266.3 1 1
github.com/ai8future/pricing_db/pricing.go:270.2,270.29 1 1
github.com/ai8future/pricing_db/pricing.go:270.29,272.3 1 1
github.com/ai8future/pricing_db/pricing.go:273.2,273.20 1 1
github.com/ai8future/pricing_db/pricing.go:295.15,300.9 4 1
github.com/ai8future/pricing_db/pricing.go:300.9,302.10 2 1
github.com/ai8future/pricing_db/pricing.go:302.10,304.4 1 1
github.com/ai8future/pricing_db/pricing.go:307.2,312.16 4 1
github.com/ai8future/pricing_db/pricing.go:312.16,314.3 1 1
github.com/ai8future/pricing_db/pricing.go:317.2,318.44 2 1
github.com/ai8future/pricing_db/pricing.go:318.44,320.3 1 1
github.com/ai8future/pricing_db/pricing.go:323.2,340.26 9 1
github.com/ai8future/pricing_db/pricing.go:340.26,341.45 1 1
github.com/ai8future/pricing_db/pricing.go:341.45,344.4 1 1
github.com/ai8future/pricing_db/pricing.go:344.9,346.4 1 1
github.com/ai8future/pricing_db/pricing.go:350.2,355.27 3 1
github.com/ai8future/pricing_db/pricing.go:355.27,356.53 1 1
github.com/ai8future/pricing_db/pricing.go:356.53,360.4 2 1
github.com/ai8future/pricing_db/pricing.go:360.9,364.4 2 0
github.com/ai8future/pricing_db/pricing.go:367.2,380.3 2 1
github.com/ai8future/pricing_db/pricing.go:385.136,390.9 4 1
github.com/ai8future/pricing_db/pricing.go:390.9,392.10 2 1
github.com/ai8future/pricing_db/pricing.go:392.10,394.4 1 1
github.com/ai8future/pricing_db/pricing.go:397.2,401.39 3 1
github.com/ai8future/pricing_db/pricing.go:401.39,403.3 1 1
github.com/ai8future/pricing_db/pricing.go:406.2,422.27 9 1
github.com/ai8future/pricing_db/pricing.go:422.27,423.53 1 1
github.com/ai8future/pricing_db/pricing.go:423.53,426.4 2 1
github.com/ai8future/pricing_db/pricing.go:426.9,429.4 2 1
github.com/ai8future/pricing_db/pricing.go:432.2,442.3 2 1
github.com/ai8future/pricing_db/pricing.go:447.113,452.37 3 1
github.com/ai8future/pricing_db/pricing.go:452.37,453.47 1 1
github.com/ai8future/pricing_db/pricing.go:453.47,456.4 2 1
github.com/ai8future/pricing_db/pricing.go:459.2,459.30 1 1
github.com/ai8future/pricing_db/pricing.go:480.19,483.46 2 1
github.com/ai8future/pricing_db/pricing.go:483.46,485.3 1 1
github.com/ai8future/pricing_db/pricing.go:488.2,493.46 4 1
github.com/ai8future/pricing_db/pricing.go:493.46,495.3 1 1
github.com/ai8future/pricing_db/pricing.go:498.2,499.22 2 1
github.com/ai8future/pricing_db/pricing.go:499.22,500.53 1 1
github.com/ai8future/pricing_db/pricing.go:500.53,503.4 1 1
github.com/ai8future/pricing_db/pricing.go:503.9,506.4 1 1
github.com/ai8future/pricing_db/pricing.go:509.2,513.3 1 1
github.com/ai8future/pricing_db/pricing.go:518.72,519.29 1 1
github.com/ai8future/pricing_db/pricing.go:519.29,521.3 1 1
github.com/ai8future/pricing_db/pricing.go:522.2,523.37 2 1
github.com/ai8future/pricing_db/pricing.go:523.37,524.42 1 1
github.com/ai8future/pricing_db/pricing.go:524.42,526.38 1 1
github.com/ai8future/pricing_db/pricing.go:526.38,528.5 1 1
github.com/ai8future/pricing_db/pricing.go:528.10,533.5 2 1
github.com/ai8future/pricing_db/pricing.go:536.2,536.17 1 1
github.com/ai8future/pricing_db/pricing.go:540.81,541.21 1 1
github.com/ai8future/pricing_db/pricing.go:541.21,543.3 1 0
github.com/ai8future/pricing_db/pricing.go:545.2,545.41 1 1
github.com/ai8future/pricing_db/pricing.go:545.41,546.76 1 1
github.com/ai8future/pricing_db/pricing.go:546.76,549.4 2 1
github.com/ai8future/pricing_db/pricing.go:552.2,552.10 1 0
github.com/ai8future/pricing_db/pricing.go:556.64,561.8 4 1
github.com/ai8future/pricing_db/pricing.go:561.8,563.3 1 1
github.com/ai8future/pricing_db/pricing.go:564.2,564.37 1 1
github.com/ai8future/pricing_db/pricing.go:569.79,573.9 4 1
github.com/ai8future/pricing_db/pricing.go:573.9,575.3 1 1
github.com/ai8future/pricing_db/pricing.go:576.2,576.38 1 1
github.com/ai8future/pricing_db/pricing.go:580.43,584.32 4 1
github.com/ai8future/pricing_db/pricing.go:584.32,586.3 1 1
github.com/ai8future/pricing_db/pricing.go:587.2,588.14 2 1
github.com/ai8future/pricing_db/pricing.go:592.35,596.2 3 1
github.com/ai8future/pricing_db/pricing.go:599.38,603.2 3 1
github.com/ai8future/pricing_db/pricing.go:607.52,608.31 1 1
github.com/ai8future/pricing_db/pricing.go:608.31,610.3 1 1
github.com/ai8future/pricing_db/pricing.go:611.2,612.81 2 1
github.com/ai8future/pricing_db/pricing.go:618.61,620.19 2 1
github.com/ai8future/pricing_db/pricing.go:620.19,622.3 1 1
github.com/ai8future/pricing_db/pricing.go:623.2,623.39 1 1
github.com/ai8future/pricing_db/pricing.go:623.39,624.35 1 1
github.com/ai8future/pricing_db/pricing.go:624.35,626.4 1 1
github.com/ai8future/pricing_db/pricing.go:627.3,627.27 1 1
github.com/ai8future/pricing_db/pricing.go:629.2,629.13 1 1
github.com/ai8future/pricing_db/pricing.go:633.86,634.33 1 1
github.com/ai8future/pricing_db/pricing.go:634.33,636.3 1 1
github.com/ai8future/pricing_db/pricing.go:637.2,637.34 1 1
github.com/ai8future/pricing_db/pricing.go:637.34,639.3 1 1
github.com/ai8future/pricing_db/pricing.go:641.2,642.50 2 1
github.com/ai8future/pricing_db/pricing.go:642.50,644.3 1 1
github.com/ai8future/pricing_db/pricing.go:645.2,645.51 1 1
github.com/ai8future/pricing_db/pricing.go:645.51,647.3 1 0
github.com/ai8future/pricing_db/pricing.go:649.2,649.33 1 1
github.com/ai8future/pricing_db/pricing.go:649.33,651.3 1 0
github.com/ai8future/pricing_db/pricing.go:653.2,653.35 1 1
github.com/ai8future/pricing_db/pricing.go:653.35,655.3 1 1
github.com/ai8future/pricing_db/pricing.go:656.2,656.37 1 1
github.com/ai8future/pricing_db/pricing.go:656.37,658.3 1 0
github.com/ai8future/pricing_db/pricing.go:660.2,662.50 1 1
github.com/ai8future/pricing_db/pricing.go:662.50,664.3 1 1
github.com/ai8future/pricing_db/pricing.go:666.2,666.37 1 1
github.com/ai8future/pricing_db/pricing.go:666.37,667.31 1 1
github.com/ai8future/pricing_db/pricing.go:667.31,669.4 1 1
github.com/ai8future/pricing_db/pricing.go:670.3,670.32 1 1
github.com/ai8future/pricing_db/pricing.go:670.32,672.4 1 1
github.com/ai8future/pricing_db/pricing.go:673.3,673.94 1 1
github.com/ai8future/pricing_db/pricing.go:673.94,675.4 1 1
github.com/ai8future/pricing_db/pricing.go:677.2,677.12 1 1
github.com/ai8future/pricing_db/pricing.go:681.95,682.36 1 1
github.com/ai8future/pricing_db/pricing.go:682.36,684.3 1 1
github.com/ai8future/pricing_db/pricing.go:686.2,686.111 1 1
github.com/ai8future/pricing_db/pricing.go:686.111,688.3 1 1
github.com/ai8future/pricing_db/pricing.go:689.2,689.12 1 1
github.com/ai8future/pricing_db/pricing.go:693.75,694.36 1 1
github.com/ai8future/pricing_db/pricing.go:694.36,696.3 1 1
github.com/ai8future/pricing_db/pricing.go:697.2,697.41 1 1
github.com/ai8future/pricing_db/pricing.go:697.41,699.3 1 1
github.com/ai8future/pricing_db/pricing.go:700.2,700.42 1 1
github.com/ai8future/pricing_db/pricing.go:700.42,702.3 1 1
github.com/ai8future/pricing_db/pricing.go:703.2,703.39 1 1
github.com/ai8future/pricing_db/pricing.go:703.39,705.3 1 1
github.com/ai8future/pricing_db/pricing.go:706.2,706.12 1 1
github.com/ai8future/pricing_db/pricing.go:711.62,714.22 2 1
github.com/ai8future/pricing_db/pricing.go:714.22,716.31 2 1
github.com/ai8future/pricing_db/pricing.go:716.31,719.24 2 1
github.com/ai8future/pricing_db/pricing.go:719.24,722.5 2 1
github.com/ai8future/pricing_db/pricing.go:723.4,723.29 1 1
github.com/ai8future/pricing_db/pricing.go:727.2,727.25 1 1
github.com/ai8future/pricing_db/pricing.go:727.25,729.34 2 1
github.com/ai8future/pricing_db/pricing.go:729.34,731.4 1 1
github.com/ai8future/pricing_db/pricing.go:734.2,734.33 1 1
github.com/ai8future/pricing_db/pricing.go:734.33,736.42 2 0
github.com/ai8future/pricing_db/pricing.go:736.42,738.4 1 0
github.com/ai8future/pricing_db/pricing.go:741.2,741.29 1 1
github.com/ai8future/pricing_db/pricing.go:741.29,744.3 2 0
github.com/ai8future/pricing_db/pricing.go:746.2,746.37 1 1
github.com/ai8future/pricing_db/pricing.go:746.37,748.3 1 1
github.com/ai8future/pricing_db/pricing.go:750.2,750.32 1 1
github.com/ai8future/pricing_db/pricing.go:750.32,752.3 1 1
github.com/ai8future/pricing_db/pricing.go:754.2,754.15 1 1
github.com/ai8future/pricing_db/types.go:155.31,156.15 1 1
github.com/ai8future/pricing_db/types.go:156.15,158.3 1 1
github.com/ai8future/pricing_db/types.go:159.2,160.73 1 1
