mode: set
github.com/ai8future/pricing_db/embed.go:22.31,24.2 1 1
github.com/ai8future/pricing_db/helpers.go:17.26,18.21 1 1
github.com/ai8future/pricing_db/helpers.go:18.21,20.21 2 1
github.com/ai8future/pricing_db/helpers.go:20.21,33.4 1 0
github.com/ai8future/pricing_db/helpers.go:40.73,44.2 3 1
github.com/ai8future/pricing_db/helpers.go:49.67,52.2 2 1
github.com/ai8future/pricing_db/helpers.go:57.59,60.2 2 1
github.com/ai8future/pricing_db/helpers.go:65.71,68.2 2 0
github.com/ai8future/pricing_db/helpers.go:72.62,75.2 2 0
github.com/ai8future/pricing_db/helpers.go:79.52,82.2 2 1
github.com/ai8future/pricing_db/helpers.go:86.31,89.2 2 1
github.com/ai8future/pricing_db/helpers.go:93.23,96.2 2 1
github.com/ai8future/pricing_db/helpers.go:100.26,103.2 2 1
github.com/ai8future/pricing_db/helpers.go:107.30,110.2 2 1
github.com/ai8future/pricing_db/helpers.go:115.24,118.2 2 1
github.com/ai8future/pricing_db/helpers.go:123.17,125.20 2 0
github.com/ai8future/pricing_db/helpers.go:125.20,126.71 1 0
github.com/ai8future/pricing_db/helpers.go:133.104,136.2 2 1
github.com/ai8future/pricing_db/helpers.go:141.139,144.2 2 1
github.com/ai8future/pricing_db/helpers.go:148.128,151.2 2 1
github.com/ai8future/pricing_db/helpers.go:156.98,159.2 2 1
github.com/ai8future/pricing_db/helpers.go:170.64,172.2 1 1
github.com/ai8future/pricing_db/helpers.go:179.99,181.56 2 1
github.com/ai8future/pricing_db/helpers.go:181.56,183.3 1 1
github.com/ai8future/pricing_db/helpers.go:184.2,184.53 1 1
github.com/ai8future/pricing_db/helpers.go:190.91,192.2 1 1
github.com/ai8future/pricing_db/helpers.go:197.122,202.44 3 1
github.com/ai8future/pricing_db/helpers.go:202.44,203.41 1 1
github.com/ai8future/pricing_db/helpers.go:203.41,204.71 1 1
github.com/ai8future/pricing_db/helpers.go:204.71,205.20 1 1
github.com/ai8future/pricing_db/helpers.go:205.20,207.6 1 1
github.com/ai8future/pricing_db/helpers.go:213.2,214.25 2 1
github.com/ai8future/pricing_db/helpers.go:214.25,216.3 1 1
github.com/ai8future/pricing_db/helpers.go:218.2,218.94 1 1
github.com/ai8future/pricing_db/pricing.go:30.45,31.34 1 1
github.com/ai8future/pricing_db/pricing.go:31.34,33.3 1 1
github.com/ai8future/pricing_db/pricing.go:34.2,34.34 1 1
github.com/ai8future/pricing_db/pricing.go:34.34,36.3 1 1
github.com/ai8future/pricing_db/pricing.go:37.2,37.21 1 1
github.com/ai8future/pricing_db/pricing.go:42.61,45.2 2 1
github.com/ai8future/pricing_db/pricing.go:63.35,65.2 1 1
github.com/ai8future/pricing_db/pricing.go:69.63,77.16 7 1
github.com/ai8future/pricing_db/pricing.go:77.16,79.3 1 1
github.com/ai8future/pricing_db/pricing.go:83.2,83.42 1 1
github.com/ai8future/pricing_db/pricing.go:83.42,85.3 1 1
github.com/ai8future/pricing_db/pricing.go:87.2,87.32 1 1
github.com/ai8future/pricing_db/pricing.go:87.32,88.73 1 1
github.com/ai8future/pricing_db/pricing.go:88.73,89.12 1 1
github.com/ai8future/pricing_db/pricing.go:92.3,94.17 3 1
github.com/ai8future/pricing_db/pricing.go:94.17,96.4 1 0
github.com/ai8future/pricing_db/pricing.go:98.3,99.53 2 1
github.com/ai8future/pricing_db/pricing.go:99.53,101.4 1 1
github.com/ai8future/pricing_db/pricing.go:104.3,105.25 2 1
github.com/ai8future/pricing_db/pricing.go:105.25,107.4 1 1
github.com/ai8future/pricing_db/pricing.go:109.3,122.43 2 1
github.com/ai8future/pricing_db/pricing.go:122.43,123.77 1 1
github.com/ai8future/pricing_db/pricing.go:123.77,125.5 1 1
github.com/ai8future/pricing_db/pricing.go:127.4,127.30 1 1
github.com/ai8future/pricing_db/pricing.go:127.30,128.51 1 0
github.com/ai8future/pricing_db/pricing.go:128.51,130.6 1 0
github.com/ai8future/pricing_db/pricing.go:133.4,133.43 1 1
github.com/ai8future/pricing_db/pricing.go:133.43,135.5 1 1
github.com/ai8future/pricing_db/pricing.go:137.4,137.44 1 1
github.com/ai8future/pricing_db/pricing.go:142.3,142.47 1 1
github.com/ai8future/pricing_db/pricing.go:142.47,143.82 1 1
github.com/ai8future/pricing_db/pricing.go:143.82,145.5 1 1
github.com/ai8future/pricing_db/pricing.go:147.4,147.47 1 1
github.com/ai8future/pricing_db/pricing.go:147.47,149.5 1 1
github.com/ai8future/pricing_db/pricing.go:153.3,153.32 1 1
github.com/ai8future/pricing_db/pricing.go:153.32,154.82 1 1
github.com/ai8future/pricing_db/pricing.go:154.82,156.5 1 1
github.com/ai8future/pricing_db/pricing.go:157.4,157.46 1 1
github.com/ai8future/pricing_db/pricing.go:162.3,162.48 1 1
github.com/ai8future/pricing_db/pricing.go:162.48,163.77 1 1
github.com/ai8future/pricing_db/pricing.go:163.77,165.5 1 1
github.com/ai8future/pricing_db/pricing.go:167.4,167.48 1 1
github.com/ai8future/pricing_db/pricing.go:167.48,169.5 1 1
github.com/ai8future/pricing_db/pricing.go:171.4,171.49 1 1
github.com/ai8future/pricing_db/pricing.go:175.2,175.25 1 1
github.com/ai8future/pricing_db/pricing.go:175.25,177.3 1 1
github.com/ai8future/pricing_db/pricing.go:180.2,193.8 4 1
github.com/ai8future/pricing_db/pricing.go:200.80,205.17 3 1
github.com/ai8future/pricing_db/pricing.go:205.17,207.3 1 0
github.com/ai8future/pricing_db/pricing.go:210.2,210.21 1 1
github.com/ai8future/pricing_db/pricing.go:210.21,212.3 1 1
github.com/ai8future/pricing_db/pricing.go:213.2,213.22 1 1
github.com/ai8future/pricing_db/pricing.go:213.22,215.3 1 1
github.com/ai8future/pricing_db/pricing.go:217.2,218.9 2 1
github.com/ai8future/pricing_db/pricing.go:218.9,221.10 2 1
github.com/ai8future/pricing_db/pricing.go:221.10,223.4 1 1
github.com/ai8future/pricing_db/pricing.go:226.2,236.3 3 1
github.com/ai8future/pricing_db/pricing.go:242.73,244.2 1 1
github.com/ai8future/pricing_db/pricing.go:250.75,251.21 1 1
github.com/ai8future/pricing_db/pricing.go:251.21,253.3 1 1
github.com/ai8future/pricing_db/pricing.go:255.2,259.41 3 1
github.com/ai8future/pricing_db/pricing.go:259.41,260.76 1 1
github.com/ai8future/pricing_db/pricing.go:260.76,263.4 2 1
github.com/ai8future/pricing_db/pricing.go:266.2,266.10 1 1
github.com/ai8future/pricing_db/pricing.go:272.67,277.9 4 1
github.com/ai8future/pricing_db/pricing.go:277.9,279.3 1 1
github.com/ai8future/pricing_db/pricing.go:281.2,284.20 3 1
github.com/ai8future/pricing_db/pricing.go:285.22,286.40 1 1
github.com/ai8future/pricing_db/pricing.go:287.23,288.41 1 1
github.com/ai8future/pricing_db/pricing.go:289.20,290.38 1 1
github.com/ai8future/pricing_db/pricing.go:291.10,292.14 1 1
github.com/ai8future/pricing_db/pricing.go:296.2,296.15 1 1
github.com/ai8future/pricing_db/pricing.go:296.15,298.3 1 1
github.com/ai8future/pricing_db/pricing.go:302.2,302.29 1 1
github.com/ai8future/pricing_db/pricing.go:302.29,304.3 1 1
github.com/ai8future/pricing_db/pricing.go:305.2,305.20 1 1
github.com/ai8future/pricing_db/pricing.go:312.79,318.9 4 1
github.com/ai8future/pricing_db/pricing.go:318.9,321.10 2 1
github.com/ai8future/pricing_db/pricing.go:321.10,323.4 1 1
github.com/ai8future/pricing_db/pricing.go:327.2,327.21 1 1
github.com/ai8future/pricing_db/pricing.go:327.21,329.3 1 1
github.com/ai8future/pricing_db/pricing.go:331.2,332.52 2 1
github.com/ai8future/pricing_db/pricing.go:337.83,339.2 1 1
github.com/ai8future/pricing_db/pricing.go:342.74,347.8 4 1
github.com/ai8future/pricing_db/pricing.go:347.8,349.3 1 1
github.com/ai8future/pricing_db/pricing.go:350.2,350.42 1 1
github.com/ai8future/pricing_db/pricing.go:381.15,386.9 4 1
github.com/ai8future/pricing_db/pricing.go:386.9,388.10 2 1
github.com/ai8future/pricing_db/pricing.go:388.10,390.4 1 1
github.com/ai8future/pricing_db/pricing.go:393.2,398.16 4 1
github.com/ai8future/pricing_db/pricing.go:398.16,400.3 1 1
github.com/ai8future/pricing_db/pricing.go:403.2,404.44 2 1
github.com/ai8future/pricing_db/pricing.go:404.44,406.3 1 1
github.com/ai8future/pricing_db/pricing.go:409.2,426.26 9 1
github.com/ai8future/pricing_db/pricing.go:426.26,427.45 1 1
github.com/ai8future/pricing_db/pricing.go:427.45,430.4 1 1
github.com/ai8future/pricing_db/pricing.go:430.9,432.4 1 1
github.com/ai8future/pricing_db/pricing.go:436.2,441.27 3 1
github.com/ai8future/pricing_db/pricing.go:441.27,442.53 1 1
github.com/ai8future/pricing_db/pricing.go:442.53,446.4 2 1
github.com/ai8future/pricing_db/pricing.go:446.9,450.4 2 0
github.com/ai8future/pricing_db/pricing.go:453.2,466.3 2 1
github.com/ai8future/pricing_db/pricing.go:471.136,476.21 3 1
github.com/ai8future/pricing_db/pricing.go:476.21,478.3 1 1
github.com/ai8future/pricing_db/pricing.go:479.2,479.22 1 1
github.com/ai8future/pricing_db/pricing.go:479.22,481.3 1 1
github.com/ai8future/pricing_db/pricing.go:482.2,482.22 1 1
github.com/ai8future/pricing_db/pricing.go:482.22,484.3 1 1
github.com/ai8future/pricing_db/pricing.go:486.2,487.9 2 1
github.com/ai8future/pricing_db/pricing.go:487.9,489.10 2 1
github.com/ai8future/pricing_db/pricing.go:489.10,491.4 1 1
github.com/ai8future/pricing_db/pricing.go:494.2,499.39 4 1
github.com/ai8future/pricing_db/pricing.go:499.39,502.3 2 1
github.com/ai8future/pricing_db/pricing.go:505.2,521.27 9 1
github.com/ai8future/pricing_db/pricing.go:521.27,522.53 1 1
github.com/ai8future/pricing_db/pricing.go:522.53,525.4 2 1
github.com/ai8future/pricing_db/pricing.go:525.9,528.4 2 1
github.com/ai8future/pricing_db/pricing.go:531.2,542.3 2 1
github.com/ai8future/pricing_db/pricing.go:547.113,552.37 3 1
github.com/ai8future/pricing_db/pricing.go:552.37,553.47 1 1
github.com/ai8future/pricing_db/pricing.go:553.47,556.4 2 1
github.com/ai8future/pricing_db/pricing.go:559.2,559.30 1 1
github.com/ai8future/pricing_db/pricing.go:580.19,583.46 2 1
github.com/ai8future/pricing_db/pricing.go:583.46,585.3 1 1
github.com/ai8future/pricing_db/pricing.go:588.2,593.46 4 1
github.com/ai8future/pricing_db/pricing.go:593.46,595.3 1 1
github.com/ai8future/pricing_db/pricing.go:598.2,599.22 2 1
github.com/ai8future/pricing_db/pricing.go:599.22,600.53 1 1
github.com/ai8future/pricing_db/pricing.go:600.53,603.4 1 1
github.com/ai8future/pricing_db/pricing.go:603.9,606.4 1 1
github.com/ai8future/pricing_db/pricing.go:609.2,613.3 1 1
github.com/ai8future/pricing_db/pricing.go:618.72,619.29 1 1
github.com/ai8future/pricing_db/pricing.go:619.29,621.3 1 1
github.com/ai8future/pricing_db/pricing.go:622.2,623.37 2 1
github.com/ai8future/pricing_db/pricing.go:623.37,624.42 1 1
github.com/ai8future/pricing_db/pricing.go:624.42,626.38 1 1
github.com/ai8future/pricing_db/pricing.go:626.38,628.5 1 1
github.com/ai8future/pricing_db/pricing.go:628.10,633.5 2 1
github.com/ai8future/pricing_db/pricing.go:636.2,636.17 1 1
github.com/ai8future/pricing_db/pricing.go:640.81,641.21 1 1
github.com/ai8future/pricing_db/pricing.go:641.21,643.3 1 0
github.com/ai8future/pricing_db/pricing.go:645.2,645.80 1 1
github.com/ai8future/pricing_db/pricing.go:645.80,647.3 1 1
github.com/ai8future/pricing_db/pricing.go:649.2,649.10 1 0
github.com/ai8future/pricing_db/pricing.go:653.64,658.8 4 1
github.com/ai8future/pricing_db/pricing.go:658.8,660.3 1 1
github.com/ai8future/pricing_db/pricing.go:661.2,661.37 1 1
github.com/ai8future/pricing_db/pricing.go:666.79,670.9 4 1
github.com/ai8future/pricing_db/pricing.go:670.9,672.3 1 1
github.com/ai8future/pricing_db/pricing.go:673.2,673.38 1 1
github.com/ai8future/pricing_db/pricing.go:677.43,681.32 4 1
github.com/ai8future/pricing_db/pricing.go:681.32,683.3 1 1
github.com/ai8future/pricing_db/pricing.go:684.2,685.14 2 1
github.com/ai8future/pricing_db/pricing.go:689.35,693.2 3 1
github.com/ai8future/pricing_db/pricing.go:696.38,700.2 3 1
github.com/ai8future/pricing_db/pricing.go:704.52,705.31 1 1
github.com/ai8future/pricing_db/pricing.go:705.31,707.3 1 1
github.com/ai8future/pricing_db/pricing.go:708.2,709.81 2 1
github.com/ai8future/pricing_db/pricing.go:714.84,715.27 1 1
github.com/ai8future/pricing_db/pricing.go:715.27,716.70 1 1
github.com/ai8future/pricing_db/pricing.go:716.70,718.4 1 1
github.com/ai8future/pricing_db/pricing.go:720.2,721.20 2 1
github.com/ai8future/pricing_db/pricing.go:727.61,729.19 2 1
github.com/ai8future/pricing_db/pricing.go:729.19,731.3 1 1
github.com/ai8future/pricing_db/pricing.go:732.2,732.39 1 1
github.com/ai8future/pricing_db/pricing.go:732.39,733.35 1 1
github.com/ai8future/pricing_db/pricing.go:733.35,735.4 1 1
github.com/ai8future/pricing_db/pricing.go:736.3,736.27 1 1
github.com/ai8future/pricing_db/pricing.go:738.2,738.13 1 1
github.com/ai8future/pricing_db/pricing.go:742.80,743.15 1 1
github.com/ai8future/pricing_db/pricing.go:743.15,745.3 1 1
github.com/ai8future/pricing_db/pricing.go:746.2,746.12 1 1
github.com/ai8future/pricing_db/pricing.go:750.102,751.17 1 1
github.com/ai8future/pricing_db/pricing.go:751.17,753.3 1 1
github.com/ai8future/pricing_db/pricing.go:754.2,754.12 1 1
github.com/ai8future/pricing_db/pricing.go:758.86,762.103 3 1
github.com/ai8future/pricing_db/pricing.go:762.103,764.3 1 1
github.com/ai8future/pricing_db/pricing.go:765.2,765.105 1 1
github.com/ai8future/pricing_db/pricing.go:765.105,767.3 1 1
github.com/ai8future/pricing_db/pricing.go:768.2,768.125 1 1
github.com/ai8future/pricing_db/pricing.go:768.125,770.3 1 1
github.com/ai8future/pricing_db/pricing.go:771.2,771.127 1 1
github.com/ai8future/pricing_db/pricing.go:771.127,773.3 1 0
github.com/ai8future/pricing_db/pricing.go:774.2,774.108 1 1
github.com/ai8future/pricing_db/pricing.go:774.108,776.3 1 0
github.com/ai8future/pricing_db/pricing.go:778.2,778.35 1 1
github.com/ai8future/pricing_db/pricing.go:778.35,780.3 1 1
github.com/ai8future/pricing_db/pricing.go:781.2,781.117 1 1
github.com/ai8future/pricing_db/pricing.go:781.117,783.3 1 0
github.com/ai8future/pricing_db/pricing.go:785.2,785.39 1 1
github.com/ai8future/pricing_db/pricing.go:785.39,787.3 1 1
github.com/ai8future/pricing_db/pricing.go:789.2,791.50 1 1
github.com/ai8future/pricing_db/pricing.go:791.50,793.3 1 1
github.com/ai8future/pricing_db/pricing.go:795.2,795.37 1 1
github.com/ai8future/pricing_db/pricing.go:795.37,797.31 2 1
github.com/ai8future/pricing_db/pricing.go:797.31,799.4 1 0
github.com/ai8future/pricing_db/pricing.go:800.3,800.105 1 1
github.com/ai8future/pricing_db/pricing.go:800.105,802.4 1 1
github.com/ai8future/pricing_db/pricing.go:803.3,803.107 1 1
github.com/ai8future/pricing_db/pricing.go:803.107,805.4 1 1
github.com/ai8future/pricing_db/pricing.go:806.3,806.127 1 1
github.com/ai8future/pricing_db/pricing.go:806.127,808.4 1 1
github.com/ai8future/pricing_db/pricing.go:809.3,809.129 1 1
github.com/ai8future/pricing_db/pricing.go:809.129,811.4 1 0
github.com/ai8future/pricing_db/pricing.go:813.2,813.12 1 1
github.com/ai8future/pricing_db/pricing.go:817.95,819.100 2 1
github.com/ai8future/pricing_db/pricing.go:819.100,821.3 1 1
github.com/ai8future/pricing_db/pricing.go:823.2,823.111 1 1
github.com/ai8future/pricing_db/pricing.go:823.111,825.3 1 1
github.com/ai8future/pricing_db/pricing.go:826.2,826.12 1 1
github.com/ai8future/pricing_db/pricing.go:830.75,831.36 1 1
github.com/ai8future/pricing_db/pricing.go:831.36,833.3 1 1
github.com/ai8future/pricing_db/pricing.go:834.2,834.41 1 1
github.com/ai8future/pricing_db/pricing.go:834.41,836.3 1 1
github.com/ai8future/pricing_db/pricing.go:837.2,837.42 1 1
github.com/ai8future/pricing_db/pricing.go:837.42,839.3 1 1
github.com/ai8future/pricing_db/pricing.go:840.2,840.39 1 1
github.com/ai8future/pricing_db/pricing.go:840.39,842.3 1 1
github.com/ai8future/pricing_db/pricing.go:843.2,843.12 1 1
github.com/ai8future/pricing_db/pricing.go:847.91,851.95 3 1
github.com/ai8future/pricing_db/pricing.go:851.95,853.3 1 1
github.com/ai8future/pricing_db/pricing.go:854.2,854.117 1 1
github.com/ai8future/pricing_db/pricing.go:854.117,856.3 1 1
github.com/ai8future/pricing_db/pricing.go:857.2,857.12 1 1
github.com/ai8future/pricing_db/pricing.go:862.62,865.22 2 1
github.com/ai8future/pricing_db/pricing.go:865.22,867.31 2 1
github.com/ai8future/pricing_db/pricing.go:867.31,870.24 2 1
github.com/ai8future/pricing_db/pricing.go:870.24,873.5 2 1
github.com/ai8future/pricing_db/pricing.go:874.4,874.29 1 1
github.com/ai8future/pricing_db/pricing.go:878.2,878.25 1 1
github.com/ai8future/pricing_db/pricing.go:878.25,880.34 2 1
github.com/ai8future/pricing_db/pricing.go:880.34,882.4 1 1
github.com/ai8future/pricing_db/pricing.go:885.2,885.27 1 1
github.com/ai8future/pricing_db/pricing.go:885.27,887.36 2 1
github.com/ai8future/pricing_db/pricing.go:887.36,889.4 1 1
github.com/ai8future/pricing_db/pricing.go:892.2,892.33 1 1
github.com/ai8future/pricing_db/pricing.go:892.33,894.42 2 1
github.com/ai8future/pricing_db/pricing.go:894.42,896.4 1 1
github.com/ai8future/pricing_db/pricing.go:899.2,899.29 1 1
github.com/ai8future/pricing_db/pricing.go:899.29,902.3 2 1
github.com/ai8future/pricing_db/pricing.go:904.2,904.37 1 1
github.com/ai8future/pricing_db/pricing.go:904.37,906.3 1 1
github.com/ai8future/pricing_db/pricing.go:908.2,908.32 1 1
github.com/ai8future/pricing_db/pricing.go:908.32,910.3 1 1
github.com/ai8future/pricing_db/pricing.go:912.2,912.15 1 1
github.com/ai8future/pricing_db/types.go:166.31,167.15 1 1
github.com/ai8future/pricing_db/types.go:167.15,169.3 1 1
github.com/ai8future/pricing_db/types.go:170.2,171.73 1 1
